1602182870871:help
1602182882880:joke
1602184885284:help
1602184888864:show
1602184895986:help
1602185614849:joke
1602185618772:save
1602186521144:joke
1602186524523:save
1602186591924:show
1602186596382:save
1602186605872:joke
1602187430174:save
1602187567998:joke
1602187570945:save
1602187779597:joke
1602187782092:save
1602187786794:show
1602187790501:joke
1602187793563:save
1602187796826:joke
1602187799583:save
1602187802035:show
1645128547115:Расскажи шутку
1645128579195:y
1645128591525:joke
1645128599911:save
1645128619836:show
1645128666294:joke
1645128716666:show
1645469945429:joke
